android/app/build/intermediates/manifest_merge_blame_file/release/manifest-merger-blame-release-report.txt
1<?xml version="1.0" encoding="utf-8"?>
2<manifest xmlns:android="http://schemas.android.com/apk/res/android"
3    package="com.loksewahub.app"
4    android:versionCode="1"
5    android:versionName="1.0.0" >
6
7    <uses-sdk
8        android:minSdkVersion="21"
9        android:targetSdkVersion="35" />
10
11    <uses-permission android:name="android.permission.INTERNET" />
11-->src\main\AndroidManifest.xml:4:5-67
11-->src\main\AndroidManifest.xml:4:22-64
12    <uses-permission android:name="android.permission.POST_NOTIFICATIONS" />
12-->src\main\AndroidManifest.xml:5:5-77
12-->src\main\AndroidManifest.xml:5:22-74
13
14    <queries>
14-->[com.google.androidbrowserhelper:androidbrowserhelper:2.5.0] AndroidManifest.xml:26:5-34:15
15        <intent>
15-->[com.google.androidbrowserhelper:androidbrowserhelper:2.5.0] AndroidManifest.xml:27:9-33:18
16            <action android:name="android.intent.action.VIEW" />
16-->src\main\AndroidManifest.xml:27:17-69
16-->src\main\AndroidManifest.xml:27:25-66
17
18            <category android:name="android.intent.category.BROWSABLE" />
18-->src\main\AndroidManifest.xml:29:17-78
18-->src\main\AndroidManifest.xml:29:27-75
19
20            <data android:scheme="https" />
20-->src\main\AndroidManifest.xml:30:17-32:56
20-->src\main\AndroidManifest.xml:31:21-43
21        </intent>
22    </queries>
23
24    <application
24-->src\main\AndroidManifest.xml:7:5-40:19
25        android:allowBackup="false"
25-->src\main\AndroidManifest.xml:8:9-36
26        android:appComponentFactory="androidx.core.app.CoreComponentFactory"
26-->[androidx.core:core:1.1.0] AndroidManifest.xml:24:18-86
27        android:extractNativeLibs="true"
28        android:icon="@mipmap/ic_launcher"
28-->src\main\AndroidManifest.xml:9:9-43
29        android:label="@string/app_name"
29-->src\main\AndroidManifest.xml:10:9-41
30        android:supportsRtl="true"
30-->src\main\AndroidManifest.xml:11:9-35
31        android:theme="@style/Theme.LoksewaHub" >
31-->src\main\AndroidManifest.xml:12:9-48
32        <activity
32-->src\main\AndroidManifest.xml:14:9-34:20
33            android:name="com.google.androidbrowserhelper.trusted.LauncherActivity"
33-->src\main\AndroidManifest.xml:15:13-84
34            android:exported="true"
34-->src\main\AndroidManifest.xml:16:13-36
35            android:launchMode="singleTask"
35-->src\main\AndroidManifest.xml:17:13-44
36            android:screenOrientation="portrait" >
36-->src\main\AndroidManifest.xml:18:13-49
37            <meta-data
37-->src\main\AndroidManifest.xml:19:13-21:54
38                android:name="android.support.customtabs.trusted.DEFAULT_URL"
38-->src\main\AndroidManifest.xml:20:17-78
39                android:value="@string/launch_url" />
39-->src\main\AndroidManifest.xml:21:17-51
40
41            <intent-filter>
41-->src\main\AndroidManifest.xml:22:13-25:29
42                <action android:name="android.intent.action.MAIN" />
42-->src\main\AndroidManifest.xml:23:17-69
42-->src\main\AndroidManifest.xml:23:25-66
43
44                <category android:name="android.intent.category.LAUNCHER" />
44-->src\main\AndroidManifest.xml:24:17-77
44-->src\main\AndroidManifest.xml:24:27-74
45            </intent-filter>
46            <intent-filter android:autoVerify="true" >
46-->src\main\AndroidManifest.xml:26:13-33:29
46-->src\main\AndroidManifest.xml:26:28-53
47                <action android:name="android.intent.action.VIEW" />
47-->src\main\AndroidManifest.xml:27:17-69
47-->src\main\AndroidManifest.xml:27:25-66
48
49                <category android:name="android.intent.category.DEFAULT" />
49-->src\main\AndroidManifest.xml:28:17-76
49-->src\main\AndroidManifest.xml:28:27-73
50                <category android:name="android.intent.category.BROWSABLE" />
50-->src\main\AndroidManifest.xml:29:17-78
50-->src\main\AndroidManifest.xml:29:27-75
51
52                <data
52-->src\main\AndroidManifest.xml:30:17-32:56
53                    android:host="@string/host_name"
53-->src\main\AndroidManifest.xml:32:21-53
54                    android:scheme="https" />
54-->src\main\AndroidManifest.xml:31:21-43
55            </intent-filter>
56        </activity>
57
58        <meta-data
58-->src\main\AndroidManifest.xml:36:9-38:59
59            android:name="asset_statements"
59-->src\main\AndroidManifest.xml:37:13-44
60            android:resource="@string/asset_statements" />
60-->src\main\AndroidManifest.xml:38:13-56
61    </application>
62
63</manifest>